<?xml version="1.0" encoding="UTF-8"?>
<!-- Generated by org.testng.reporters.JUnitReportReporter -->
<testsuite skipped="0" hostname="DESKTOP-G26GLHD" name="Test" tests="5" failures="0" timestamp="2019-10-18T00:03:34 GMT+04:00" time="25.018" errors="0">
  <testcase name="successLoginAndPassTest" time="3.735" classname="Test"/>
  <testcase name="filedOrEmptyLoginTest" time="5.132" classname="Test"/>
  <testcase name="filedOrEmptyPassTest" time="5.538" classname="Test"/>
  <testcase name="filedOrEmptyPassTest" time="5.353" classname="Test"/>
  <testcase name="filedOrEmptyLoginTest" time="5.260" classname="Test"/>
</testsuite> <!-- Test -->
