<?xml version="1.0" encoding="UTF-8"?>
<!-- Generated by org.testng.reporters.JUnitReportReporter -->
<testsuite skipped="0" hostname="DESKTOP-G26GLHD" name="Test" tests="5" failures="0" timestamp="2019-10-16T17:00:33 GMT+04:00" time="24.851" errors="0">
  <testcase name="filedOrEmptyPassTest" time="5.484" classname="Test"/>
  <testcase name="successLoginAndPassTest" time="3.224" classname="Test"/>
  <testcase name="filedOrEmptyLoginTest" time="5.377" classname="Test"/>
  <testcase name="filedOrEmptyPassTest" time="5.544" classname="Test"/>
  <testcase name="filedOrEmptyLoginTest" time="5.222" classname="Test"/>
</testsuite> <!-- Test -->
